2019-09-09 12:21:40,418 [Curator-TreeCache-0] DEBUG a.c.u.u.a.cache.AlarmCacheBean - SQL command: 369d94da-016c-fa68-8e82-00008ccc0000
2019-09-09 12:21:40,418 [DefaultQuartzScheduler_Worker-10] DEBUG a.c.u.u.a.m.AlarmMessageProcessorBean - Updating the current alarm status(lastOccurrence=2019-09-09 12:00:59, severity=NORMAL) with lastOccurrence=2019-09-09 12:20:59, severity=NORMAL and message=2019-09-09 12:20:59, applicationId="Platform Security Linux", nodeId=marconi, alarmId=18101, component="wmpmreportw1", severity=NORMAL, message="Update successful on client wmpmreportw1", multiplex="Windsor", originalMessage="Update successful on client wmpmreportw1"
2019-09-09 12:21:40,418 [DefaultQuartzScheduler_Worker-10] DEBUG a.c.u.u.a.s.z.ZooKeeperAlarmStoreBean - Updating alarm: au.com.unico.uam.alarm.store.zookeeper.AlarmStatusZNode@6e80ed02
2019-09-09 12:21:40,418 [Curator-TreeCache-0] DEBUG a.c.u.u.a.s.z.AlarmStatusCacheListener - An event (NODE_UPDATED) detected on path /alarms-v2/Platform\x20Security\x20Linux/marconi/18101_chbest3h1
2019-09-09 12:21:40,418 [Curator-TreeCache-0] DEBUG a.c.u.u.a.s.z.AlarmStatusCacheListener - Updating CachedAlarm [oid=b2c1574c-35ec-4a15-a7f5-d00e23040b95, broadcast=true, severity=Normal, alarmId=18101, message=Update successful on client chbest3h1, component=chbest3h1, multiplex=Windsor, applicationId=Platform Security Linux, nodeId=marconi, managed=true, elementOids=null, firstOccurrence=1567995655, lastOccurrence=1567995655, autoClear=false]
2019-09-09 12:21:40,419 [Curator-TreeCache-0] DEBUG a.c.u.u.a.cache.AlarmCacheBean - Updating alarm in the Alarm Cache
2019-09-09 12:21:40,419 [Curator-TreeCache-0] DEBUG a.c.u.u.a.cache.AlarmCacheBean - SQL command: 369d94da-016c-fa68-8e82-00008ccc0000
2019-09-09 12:21:40,420 [DefaultQuartzScheduler_Worker-10] DEBUG a.c.u.u.a.s.z.ZooKeeperAlarmStoreBean - Alarm updated
2019-09-09 12:21:40,420 [DefaultQuartzScheduler_Worker-10] DEBUG a.c.u.u.a.s.z.ZooKeeperAlarmStoreBean - Updating timestamp to 1567995659
2019-09-09 12:21:40,420 [Curator-TreeCache-0] DEBUG a.c.u.u.a.s.z.AlarmStatusCacheListener - An event (NODE_UPDATED) detected on path /alarms-v2/Platform\x20Security\x20Linux/marconi/18101_chbest3h1
2019-09-09 12:21:40,420 [Curator-TreeCache-0] DEBUG a.c.u.u.a.s.z.AlarmStatusCacheListener - Updating CachedAlarm [oid=b2c1574c-35ec-4a15-a7f5-d00e23040b95, broadcast=true, severity=Normal, alarmId=18101, message=Update successful on client chbest3h1, component=chbest3h1, multiplex=Windsor, applicationId=Platform Security Linux, nodeId=marconi, managed=true, elementOids=null, firstOccurrence=1567995655, lastOccurrence=1567995655, autoClear=false]
2019-09-09 12:21:40,420 [Curator-TreeCache-0] DEBUG a.c.u.u.a.cache.AlarmCacheBean - Updating alarm in the Alarm Cache
2019-09-09 12:21:40,421 [Curator-TreeCache-0] DEBUG a.c.u.u.a.cache.AlarmCacheBean - SQL command: 369d94da-016c-fa68-8e82-00008ccc0000
2019-09-09 12:21:40,421 [DefaultQuartzScheduler_Worker-10] DEBUG a.c.u.u.a.s.z.ZooKeeperAlarmStoreBean - Updated timestamp data
2019-09-09 12:21:40,421 [DefaultQuartzScheduler_Worker-10] DEBUG a.c.u.u.a.cache.AlarmCacheBean - Retrieving alarms from the Alarm Cache for automatic clearing
2019-09-09 12:21:40,421 [DefaultQuartzScheduler_Worker-10] DEBUG a.c.u.u.a.cache.AlarmCacheBean - SQL command: SELECT * FROM alarm where severity != 0 AND auto_clear AND last_occurrence < 1567995400
2019-09-09 12:21:40,421 [Curator-TreeCache-0] DEBUG a.c.u.u.a.s.z.AlarmStatusCacheListener - An event (NODE_UPDATED) detected on path /alarms-v2/Platform\x20Security\x20Linux/marconi/18101_wmpmreportw1
2019-09-09 12:21:40,421 [Curator-TreeCache-0] DEBUG a.c.u.u.a.s.z.AlarmStatusCacheListener - Updating CachedAlarm [oid=17d4327a-31e4-4da5-9624-4c2dfc4b0437, broadcast=true, severity=Normal, alarmId=18101, message=Update successful on client wmpmreportw1, component=wmpmreportw1, multiplex=Windsor, applicationId=Platform Security Linux, nodeId=marconi, managed=true, elementOids=null, firstOccurrence=1567995659, lastOccurrence=1567995659, autoClear=false]
2019-09-09 12:21:40,421 [Curator-TreeCache-0] DEBUG a.c.u.u.a.cache.AlarmCacheBean - Updating alarm in the Alarm Cache
2019-09-09 12:21:40,422 [Curator-TreeCache-0] DEBUG a.c.u.u.a.cache.AlarmCacheBean - SQL command: 369d94da-016c-fa68-8e82-00008ccc0000
2019-09-09 12:21:40,423 [Curator-TreeCache-0] DEBUG a.c.u.u.a.s.z.AlarmStatusCacheListener - An event (NODE_UPDATED) detected on path /alarms-v2/Platform\x20Security\x20Linux/marconi/18101_wmpmreportw1
2019-09-09 12:21:40,423 [Curator-TreeCache-0] DEBUG a.c.u.u.a.s.z.AlarmStatusCacheListener - Updating CachedAlarm [oid=17d4327a-31e4-4da5-9624-4c2dfc4b0437, broadcast=true, severity=Normal, alarmId=18101, message=Update successful on client wmpmreportw1, component=wmpmreportw1, multiplex=Windsor, applicationId=Platform Security Linux, nodeId=marconi, managed=true, elementOids=null, firstOccurrence=1567995659, lastOccurrence=1567995659, autoClear=false]
2019-09-09 12:21:40,423 [Curator-TreeCache-0] DEBUG a.c.u.u.a.cache.AlarmCacheBean - Updating alarm in the Alarm Cache
2019-09-09 12:21:40,423 [Curator-TreeCache-0] DEBUG a.c.u.u.a.cache.AlarmCacheBean - SQL command: 369d94da-016c-fa68-8e82-00008ccc0000
2019-09-09 12:21:40,440 [DefaultQuartzScheduler_Worker-10] INFO  a.c.u.u.a.r.u.AlarmListGeneratorBean - Found 0 alarms for automatic clearing
